<?xml version="1.0" encoding="UTF-8"?><testsuite errors="1" failures="0" name="Obtener los albumes de un usuario" skipped="0" tests="1" time="3.82" timestamp="2022-03-24 05:56:04"><testcase name="Obtener la lista de albumes de un usuario"><error type="net.serenitybdd.core.exceptions.UnrecognisedException"/><system-err>null&#13;
com.fasterxml.jackson.databind.exc.MismatchedInputException.from(MismatchedInputException.java:59)&#13;
com.fasterxml.jackson.databind.DeserializationContext.reportInputMismatch(DeserializationContext.java:1468)&#13;
com.fasterxml.jackson.databind.DeserializationContext.handleUnexpectedToken(DeserializationContext.java:1242)&#13;
com.fasterxml.jackson.databind.DeserializationContext.handleUnexpectedToken(DeserializationContext.java:1190)&#13;
com.fasterxml.jackson.databind.deser.BeanDeserializer._deserializeFromArray(BeanDeserializer.java:604)&#13;
com.fasterxml.jackson.databind.deser.BeanDeserializer._deserializeOther(BeanDeserializer.java:190)&#13;
com.fasterxml.jackson.databind.deser.BeanDeserializer.deserialize(BeanDeserializer.java:166)&#13;
com.fasterxml.jackson.databind.ObjectMapper._readMapAndClose(ObjectMapper.java:4526)&#13;
com.fasterxml.jackson.databind.ObjectMapper.readValue(ObjectMapper.java:3468)&#13;
io.restassured.internal.path.json.mapping.JsonPathJackson2ObjectDeserializer.deserialize(JsonPathJackson2ObjectDeserializer.groovy:47)&#13;
io.restassured.internal.mapping.Jackson2Mapper.deserialize(Jackson2Mapper.groovy:58)&#13;
io.restassured.internal.mapping.ObjectMapping.parseWithJackson2(ObjectMapping.groovy:204)&#13;
io.restassured.internal.mapping.ObjectMapping.deserialize(ObjectMapping.groovy:57)&#13;
io.restassured.internal.RestAssuredResponseOptionsGroovyImpl.as(RestAssuredResponseOptionsGroovyImpl.groovy:220)&#13;
io.restassured.internal.RestAssuredResponseOptionsImpl.as(RestAssuredResponseOptionsImpl.java:166)&#13;
net.serenitybdd.rest.decorators.ResponseDecorated.as(ResponseDecorated.java:63)&#13;
co.com.sofka.question.jsonplaceholder.GetPostData.answeredBy(GetUserAlbums.java:11)&#13;
co.com.sofka.stepdefinition.jsonplaceholder.GetPostTitleStepDefinition.elSistemaMostraraLaListaDeAlbumesRelacionadosConElId(UserAlbumsStepDefinition.java:47)&#13;
✽.El sistema mostrara la lista de albumes relacionados con el id 2(file:///D:/SofkaU/Introduccion%20a%20la%20automatizacion/Intellij/retoAutomatizacionSerenityBDDRest/src/test/resources/features/jsonplaceholder/useralbums.feature:12)&#13;
</system-err></testcase></testsuite>